04/06/2023 10:42:42 PM Servidor escuchando
04/06/2023 10:42:44 PM Conexión exitosa con el servidor
04/06/2023 10:42:45 PM Mensaje enviado por cliente
04/06/2023 10:42:55 PM Mensaje enviado por cliente
04/06/2023 10:43:23 PM Servidor escuchando
04/06/2023 10:43:25 PM Conexión exitosa con el servidor
04/06/2023 10:43:28 PM Mensaje enviado por cliente
04/06/2023 10:43:32 PM Mensaje enviado por el servidor
04/06/2023 10:43:37 PM Mensaje enviado por cliente
04/06/2023 10:43:41 PM Mensaje enviado por el servidor
04/06/2023 10:43:44 PM Conexión terminada por el servidor
04/06/2023 10:43:45 PM Mensaje enviado por cliente
04/06/2023 10:50:34 PM Servidor escuchando
04/06/2023 10:50:40 PM Conexión exitosa con el servidor
04/06/2023 10:50:42 PM Mensaje enviado por cliente
04/06/2023 10:50:45 PM Mensaje enviado por el servidor
04/06/2023 10:55:49 PM Servidor escuchando
04/06/2023 10:55:52 PM Conexión exitosa con el servidor
04/06/2023 10:55:54 PM Mensaje enviado por cliente
04/06/2023 10:55:56 PM Mensaje enviado por el servidor
04/06/2023 10:56:01 PM Mensaje enviado por cliente
04/06/2023 10:56:03 PM Mensaje enviado por el servidor
04/06/2023 10:56:25 PM Conexión exitosa con el servidor
04/06/2023 10:56:28 PM Mensaje enviado por el servidor
04/06/2023 10:56:31 PM Servidor escuchando
04/06/2023 10:56:33 PM Conexión exitosa con el servidor
04/06/2023 10:56:35 PM Mensaje enviado por cliente
04/06/2023 10:56:38 PM Mensaje enviado por el servidor
04/06/2023 10:56:40 PM Mensaje enviado por cliente
04/06/2023 10:58:04 PM Servidor escuchando
04/06/2023 10:58:09 PM Conexión exitosa con el servidor
04/06/2023 10:58:11 PM Mensaje enviado por cliente
04/06/2023 10:58:13 PM Mensaje enviado por el servidor
04/06/2023 10:58:18 PM Mensaje enviado por cliente
04/06/2023 10:58:21 PM Mensaje enviado por el servidor
04/06/2023 11:01:35 PM Servidor escuchando
04/06/2023 11:01:36 PM Conexión exitosa con el servidor
04/06/2023 11:01:38 PM Mensaje enviado por cliente
04/06/2023 11:01:41 PM Mensaje enviado por el servidor
04/06/2023 11:01:45 PM Mensaje enviado por cliente
04/06/2023 11:01:47 PM Mensaje enviado por el servidor
04/06/2023 11:01:50 PM Mensaje enviado por cliente
04/06/2023 11:03:39 PM Servidor escuchando
04/06/2023 11:03:40 PM Conexión exitosa con el servidor
04/06/2023 11:05:02 PM Mensaje enviado por cliente
04/06/2023 11:05:06 PM Mensaje enviado por el servidor
04/06/2023 11:05:08 PM Mensaje enviado por cliente
